Applying: 10928    Technic, Gear 8 Tooth with Dual Face                                             =>                         Zahnrad XS eckig
Applying: 11214    Technic, Axle  1L with Pin 2L with Friction Ridges                               =>                 dunkelgraues Specialteil
Applying: 11478    Technic, Liftarm Thin 1 x 5 - Axle Holes                                         =>        halber 5er Beam mit Achsenlöchern
Applying: 14720    Technic, Liftarm, Modified H-Shape Thick 3 x 5 Perpendicular                     =>                                  Knochen
Applying: 15100    Technic, Pin with Friction Ridges and Pin Hole                                   =>                         Hähnchenschenkel
Applying: 15458    Technic, Panel Plate 3 x 11 x 1                                                  =>                        Platte 3 x 11 x 1
Applying: 15462    Technic, Axle  5L with Stop                                                      =>                      5er Achse mit Stopp
Applying: 18651    Technic, Axle  2L with Pin with Friction Ridges                                  =>                    schwarzes Specialteil
Applying: 18654    Technic, Liftarm Thick 1 x 1 (Spacer)                                            =>                                 1er Beam
Applying: 18946    Technic, Gear 16 Tooth with Clutch on Both Sides                                 =>    beidseitiges Getriebe-Zahnrad S eckig
Applying: 18947    Technic Driving Ring 3L                                                          =>                       Getriebe-Container
Applying: 18948    Technic, Driving Ring Connector                                                  =>              weißes Getriebe-Schlupfrupf
Applying: 22961    Technic, Axle and Pin Connector Hub with 1 Axle                                  =>                  Achsen-Hähnchenschenkel
Applying: 23948    Technic, Axle 11L                                                                =>                               11er Achse
Applying: 24316    Technic, Axle  3L with Stop                                                      =>                      3er Achse mit Stopp
Applying: 26287    Technic, Axle Connector 3L                                                       =>              graues Getriebe-Schlupfrupf
Applying: 2736     Technic, Axle  1L with Tow Ball                                                  =>                           Achsen-Ballpin
Applying: 2780     Technic, Pin with Short Friction Ridges                                          =>                                  Blackie
Applying: 2780     Technic, Pin with Friction Ridges Lengthwise, Staggered, with or without Center Slots =>                                  Blackie
Applying: 32002    Technic, Pin 3/4                                                                 =>                    langer halber Blackie
Applying: 32009    Technic, Liftarm, Modified Bent Thick 1 x 11.5 Double                            =>                             großer Haken
Applying: 32013    Technic, Axle and Pin Connector Angled #1                                        =>                        Orthogonalisierer
Applying: 32013    Technic, Connector Axle and Pin Angled #1                                        =>                        Orthogonalisierer
Applying: 32014    Technic, Axle and Pin Connector Angled #6 - 90 degrees                           =>                         Achsenwinkel 90°
Applying: 32017    Technic, Liftarm Thin 1 x 5                                                      =>                          halber 5er Beam
Applying: 32034    Technic, Axle and Pin Connector Angled #2 - 180 degrees                          =>                        Achsenwinkel 180°
Applying: 32039    Technic, Axle Connector with Axle Hole                                           =>                 Achsen-Orthogonalisierer
Applying: 32062    Technic, Axle  2L Notched                                                        =>                                2er Achse
Applying: 32062    Technic, Axle 2 Notched                                                          =>                                2er Achse
Applying: 32063    Technic, Liftarm Thin 1 x 6                                                      =>                          halber 6er Beam
Applying: 32065    Technic, Liftarm Thin 1 x 7                                                      =>                          halber 7er Beam
Applying: 32073    Technic, Axle  5L                                                                =>                                5er Achse
Applying: 32138    Technic, Pin Double with Axle Hole                                               =>                  Zwillingslaserbatterien
Applying: 32138    Technic, Pin Double with Axle Hole                                               =>                  Zwillingslaserbatterien
Applying: 32140    Technic, Liftarm, Modified Bent Thick L-Shape 2 x 4                              =>                                 keines L
Applying: 32184    Technic, Axle and Pin Connector Perpendicular 3L with Center Pin Hole            =>                      Achse / Pin / Achse
Applying: 32192    Technic, Axle and Pin Connector Angled #4 - 135 degrees                          =>                        Achsenwinkel 135°
Applying: 32198    Technic, Gear 20 Tooth Bevel                                                     =>                       großes 90° Zahnrad
Applying: 32269    Technic, Gear 20 Tooth Double Bevel                                              =>                           Zahnrad S rund
Applying: 32270    Technic, Gear 12 Tooth Double Bevel                                              =>                          Zahnrad XS rund
Applying: 32271    Technic, Liftarm, Modified Bent Thick 1 x 9 (7 - 3)                              =>                    kleiner Haken (7 - 3)
Applying: 32278    Technic, Liftarm Thick 1 x 15                                                    =>                                15er Beam
Applying: 32278    Technic, Liftarm Thick 1 x 15                                                    =>                                15er Beam
Applying: 32291    Technic, Axle and Pin Connector Perpendicular Double                             =>                             kurzer Penis
Applying: 32316    Technic, Liftarm Thick 1 x 5                                                     =>                                 5er Beam
Applying: 32316    Technic, Liftarm Thick 1 x 5                                                     =>                                 5er Beam
Applying: 32348    Technic, Liftarm, Modified Bent Thick 1 x 7 (4 - 4)                              =>                    kleiner Haken (4 - 4)
Applying: 32449    Technic, Liftarm Thin 1 x 4 - Axle Holes                                         =>        halber 4er Beam mit Achsenlöchern
Applying: 32498    Technic, Gear 36 Tooth Double Bevel                                              =>                           Zahnrad L rund
Applying: 32523    Technic, Liftarm Thick 1 x 3                                                     =>                                 3er Beam
Applying: 32524    Technic, Liftarm Thick 1 x 7                                                     =>                                 7er Beam
Applying: 32525    Technic, Liftarm Thick 1 x 11                                                    =>                                11er Beam
Applying: 32525    Technic, Liftarm Thick 1 x 11                                                    =>                                11er Beam
Applying: 32526    Technic, Liftarm Thick L-Shape 3 x 5                                             =>                                 großes L
Applying: 32526    Technic, Liftarm, Modified Bent Thick L-Shape 3 x 5                              =>                                 großes L
Applying: 32556    Technic, Pin 3L without Friction Ridges                                          =>                     grauer blauer Dreier
Applying: 32557    Technic, Pin Connector Perpendicular Double 3L                                   =>                          mittlerer Penis
Applying: 35185    Technic, Gear 20 Tooth Double Bevel with Clutch on Both Sides                    =>     beidseitiges Getriebe-Zahnrad S rund
Applying: 35188    Technic Changeover Rotary Catch                                                  =>                   orangenes Getriebeteil
Applying: 3648     Technic, Gear 24 Tooth with 1 Axle Hole                                          =>                          Zahnrad M eckig
Applying: 3648     Technic, Gear 24 Tooth (2nd Version - 1 Axle Hole)                               =>                          Zahnrad M eckig
Applying: 3649     Technic, Gear 40 Tooth                                                           =>                          Zahnrad L eckig
Applying: 3673     Technic, Pin without Friction Ridges Lengthwise                                  =>                           grauer Blackie
Applying: 3673     Technic, Pin without Friction Ridges                                             =>                           grauer Blackie
Applying: 3705     Technic, Axle  4L                                                                =>                                4er Achse
Applying: 3706     Technic, Axle  6L                                                                =>                                6er Achse
Applying: 3707     Technic, Axle  8L                                                                =>                                8er Achse
Applying: 3708     Technic, Axle 12L                                                                =>                               12er Achse
Applying: 3713     Technic Bush                                                                     =>                                  Stopper
Applying: 3713     Technic Bush                                                                     =>                                  Stopper
Applying: 3713     Technic Bush                                                                     =>                                  Stopper
Applying: 3737     Technic, Axle 10L                                                                =>                               10er Achse
Applying: 3743     Technic, Gear Rack 1 x 4                                                         =>         Zahnstange (abgerolltes Zahnrad)
Applying: 3749     Technic, Axle 1 with Pin without Friction Ridges Lengthwise                      =>                         grauer Converter
Applying: 3749     Technic, Axle  1L with Pin without Friction Ridges                               =>                         grauer Converter
Applying: 3749     Technic, Axle 1 with Pin without Friction Ridges Lengthwise                      =>                         grauer Converter
Applying: 39369    Technic, Panel Plate 11 x 19 x 1                                                 =>                       Platte 11 x 19 x 1
Applying: 39790    Technic, Liftarm, Modified Frame Thick 11 x 15 Open Center                       =>                        Beamframe 11 x 15
Applying: 39793    Technic, Pin Connector Block, Liftarm 1 x 3 x 3                                  =>                            Kreuzquadraht
Applying: 39794    Technic, Liftarm, Modified Frame Thick 7 x 11 Open Center                        =>                         Beamframe 7 x 11
Applying: 4019     Technic, Gear 16 Tooth - Axle Hole with Open Sides                               =>   zz. Zahnrad S eckig offenes Achsenloch
Applying: 4019     Technic, Gear 16 Tooth (First Version - 4 Round Holes)                           =>   zz. Zahnrad S eckig offenes Achsenloch
Applying: 40490    Technic, Liftarm Thick 1 x 9                                                     =>                                 9er Beam
Applying: 40490    Technic, Liftarm Thick 1 x 9                                                     =>                                 9er Beam
Applying: 40490    Technic, Liftarm Thick 1 x 9                                                     =>                                 9er Beam
Applying: 41239    Technic, Liftarm Thick 1 x 13                                                    =>                                13er Beam
Applying: 4143     Technic, Gear 14 Tooth Bevel Thin                                                =>            zz. kleines altes 90° Zahnrad
Applying: 41677    Technic, Liftarm Thin 1 x 2 - Axle Holes                                         =>        halber 2er Beam mit Achsenlöchern
Applying: 41677    Technic, Liftarm Thin 1 x 2                                                      =>                          halber 2er Beam
Applying: 41678    Technic, Axle and Pin Connector Perpendicular Double Split                       =>                               Anti-Penis
Applying: 42003    Technic, Axle and Pin Connector Perpendicular 3L with 2 Pin Holes                =>                        Pin / Pin / Achse
Applying: 4265c    Technic Bush 1/2 Smooth                                                          =>                           halber Stopper
Applying: 4265c    Technic Bush 1/2 Smooth                                                          =>                           halber Stopper
Applying: 4265c    Technic Bush 1/2 Smooth                                                          =>                           halber Stopper
Applying: 4265c    Technic Bush 1/2 Smooth                                                          =>                           halber Stopper
Applying: 4265c    Technic Bush 1/2 Smooth                                                          =>                           halber Stopper
Applying: 4274     Technic, Pin 1/2                                                                 =>                    kurzer halber Blackie
Applying: 4274     Technic, Pin 1/2                                                                 =>                    kurzer halber Blackie
Applying: 4274     Technic, Pin 1/2 without Friction Ridges                                         =>                    kurzer halber Blackie
Applying: 43093    Technic, Axle  1L with Pin with Friction Ridges                                  =>                                Converter
Applying: 43093    Technic, Axle 1 with Pin with Friction Ridges Lengthwise                         =>                                Converter
Applying: 43857    Technic, Liftarm Thick 1 x 2                                                     =>                                 2er Beam
Applying: 44294    Technic, Axle  7L                                                                =>                                7er Achse
Applying: 4519     Technic, Axle  3L                                                                =>                                3er Achse
Applying: 46372    Technic, Gear 28 Tooth Double Bevel                                              =>                           Zahnrad M rund
Applying: 4716     Technic, Gear Worm Screw, Long                                                   =>                    Schneckendrehwurmteil
Applying: 48989    Technic, Pin Connector Perpendicular 3L with 4 Pins                              =>                                        H
Applying: 50450    Technic, Axle 32L                                                                =>                               32er Achse
Applying: 50451    Technic, Axle 16L                                                                =>                               16er Achse
Applying: 55013    Technic, Axle  8L with Stop                                                      =>                      8er Achse mit Stopp
Applying: 55615    Technic, Pin Connector Perpendicular 3 x 3 Bent with 4 Pins                      =>                                    Eck-H
Applying: 60483    Technic, Liftarm Thick 1 x 2 - Axle Hole                                         =>               2er Beam mit Achsenlöchern
Applying: 60484    Technic, Liftarm, Modified T-Shape Thick 3 x 3                                   =>                                        T
Applying: 60485    Technic, Axle  9L                                                                =>                                9er Achse
Applying: 60c01    Technic, Gear 24 Tooth Clutch                                                    =>                weißes Zahnrad (rutschig)
Applying: 60c01    Technic, Gear 24 Tooth Clutch                                                    =>                weißes Zahnrad (rutschig)
Applying: 60c01    Technic, Gear 24 Tooth Clutch                                                    =>                weißes Zahnrad (rutschig)
Applying: 60c01    Technic, Gear 24 Tooth Clutch                                                    =>                weißes Zahnrad (rutschig)
Applying: 62462    Technic, Connector Pin Round 2L with Slot (Pin Joiner Round)                     =>                              Schlupfrupf
Applying: 62462    Technic, Pin Connector Round 2L with Slot (Pin Joiner Round)                     =>                              Schlupfrupf
Applying: 64178    Technic, Liftarm, Modified Frame Thick 5 x 11 Open Center                        =>                         Beamframe 5 x 11
Applying: 64179    Technic, Liftarm, Modified Frame Thick 5 x 7 Open Center                         =>                          Beamframe 5 x 7
Applying: 64782    Technic, Panel Plate 5 x 11 x 1                                                  =>                        Platte 5 x 11 x 1
Applying: 65249    Technic, Axle  2L with Pin without Friction Ridges                               =>                       weißes Specialteil
Applying: 6536     Technic, Axle and Pin Connector Perpendicular                                    =>                              Pin / Achse
Applying: 6536     Technic, Connector Axle and Pin Perpendicular                                    =>                              Pin / Achse
Applying: 6538c    Technic, Axle Connector 2L (Smooth with x Hole + Orientation)                    =>                       Achsen-Schlupfrupf
Applying: 6542     Technic, Gear 16 Tooth with Clutch                                               => Getriebe-Zahnrad S eckig (geriffelte Außenseite)
Applying: 6542     Technic, Gear 16 Tooth with Clutch                                               => Getriebe-Zahnrad S eckig (geriffelte Außenseite)
Applying: 6542b    Technic, Gear 16 Tooth with Clutch, Smooth                                       =>                 Getriebe-Zahnrad S eckig
Applying: 6558     Technic, Pin 3L with Friction Ridges Lengthwise                                  =>                            blauer Dreier
Applying: 6558     Technic, Pin 3L with Friction Ridges                                             =>                            blauer Dreier
Applying: 6589     Technic, Gear 12 Tooth Bevel                                                     =>                      kleines 90° Zahnrad
Applying: 6628a    Technic, Pin with Friction Ridges and Tow Ball with Round Pin Hole               =>                                  Ballpin
Applying: 6629     Technic, Liftarm, Modified Bent Thick 1 x 9 (6 - 4)                              =>                    kleiner Haken (6 - 4)
Applying: 6632     Technic, Liftarm Thin 1 x 3 - Axle Holes                                         =>        halber 3er Beam mit Achsenlöchern
Applying: 71709    Technic, Panel Plate 3 x 7 x 1                                                   =>                         Platte 3 x 7 x 1
Applying: 71710    Technic, Liftarm, Modified Perpendicular Holes Thick 1 x 15                      =>                     verdrehter 15er Beam
Applying: 73507    Technic, Liftarm, Modified Perpendicular Holes Thick 1 x 11                      =>                     verdrehter 11er Beam
Applying: 87082    Technic, Pin 3L with Friction Ridges and Center Pin Hole                         =>             Zweibeinige Hähnchenschenkel
Applying: 87083    Technic, Axle  4L with Stop                                                      =>                      4er Achse mit Stopp
Applying: 87408    Technic, Pin Connector Toggle Joint Smooth Double with Axle and Pin Holes        =>                                Gearframe
Applying: 94925    Technic, Gear 16 Tooth - Axle Hole with Closed Sides                             =>                          Zahnrad S eckig
Applying: 98989    Technic, Axle and Pin Connector Perpendicular Double 4L                          =>                             langer Penis
Applying: x187     Technic, Gear 24 Tooth with 3 Axle Holes                                         =>  zz. Zahnrad M eckig mit 3 Achsenlöchern
Applying: 67491    Technic, Liftarm, Modified Frame Thick 3 x 19 Open Center                        =>                         Beamframe 3 x 19
Applying: 69779    Technic, Gear 20 Tooth                                                           =>                    zz. Zahnrad S,5 eckig
Applying: 2383     Electric, Light 1 1/8 x 2 x 1 2/3 Cabinet with Lamp Holes (Sign Back)            =>                                 halbes H
Applying: 2391     Technic, Liftarm, Modified Perpendicular Holes Thick 1 x 7                       =>                      verdrehter 7er Beam
Applying: 81346    Technic, Gear 20 Tooth with Clutch on Both Sides                                 => zz. beidseitiges Getriebe-Zahnrad S,5 eckig
Applying: 2471     Technic, Gear 24 Tooth with Clutch on Both Sides                                 =>    beidseitiges Getriebe-Zahnrad M eckig
